<?xml version="1.0" encoding="UTF-8"?>
<!-- Generated by org.testng.reporters.JUnitXMLReporter -->
<testsuite hostname="john-PC" ignored="0" name="Report1" tests="4" failures="0" timestamp="25 Nov 2019 06:15:37 GMT" time="62.47" errors="0">
  <testcase name="registerLink" time="5.026" classname="nov23.Demo2"/>
  <testcase name="registerLink" time="5.082" classname="nov23.Demo2"/>
  <testcase name="supportLink" time="4.797" classname="nov23.Demo2"/>
  <testcase name="hotelsLink" time="4.762" classname="nov23.Demo2"/>
</testsuite> <!-- Report1 -->
